 --- new session ---
words
100 mil
.
: zz mil 100 benches ;
100 zz
words
bye
 --- new session ---
100 mil bench
500 mil bench
bye
 --- new session ---
words
zz
 --- new session ---
words
zz
: zz mil 10 benches ; 300 zz
bye
 --- new session ---
10 zz
bye
 --- new session ---
bye
 --- new session ---
23 load
.s
load
bye
 --- new session ---
345 load
bye
 --- new session ---
200 load
200 load
bye
 --- new session ---
200 load
bye
 --- new session ---
200 load
300 load
98723 load
words
bye
 --- new session ---
bye
 --- new session ---
words
testing123
.s
0 0 0 0 0 0 0
.s
testing123 .s
the-memory .s
bye
 --- new session ---
the-memory hex .
bye
 --- new session ---
testing123
hex .
bye
 --- new session ---
words
(h)
(here)
.s
hex .s
0 -
.s
0 -
.s
(h) .s
0 0 0 0 0
(h) .s
(here) .s
decimal
20 0 - .
0 swap - .
0 0 0 0 0
(h) (here) 0 swap - .s
hex .s
bye
 --- new session ---
(h) (here) .s
=
.s
.
.s
bye
 --- new session ---
bye
 --- new session ---
bye
 --- new session ---
.s
words
here (here) .s
. .
(h) (here) = .
= .
.s
300 load
by
bye
 --- new session ---
: zz mil 100 benches ;
200 zz
bye
 --- new session ---
300 load
bye
 --- new session ---
200 mil 20 benches
bye
 --- new session ---
words
bye
